<?xml version="1.0" encoding="UTF-8"?>
<robot generator="Robot 3.1.2 (Python 3.6.9 on linux)" generated="20200403 21:50:00.744" rpa="false">
<suite id="s1" name="Teste" source="/home/elsys/Desktop/Teste/udemy_selenium_2020/teste.robot">
<test id="s1-t1" name="LoginTest">
<kw name="openbrowserpathapplication">
<kw name="Evaluate" library="BuiltIn">
<doc>Evaluates the given expression in Python and returns the results.</doc>
<arguments>
<arg>sys.modules['selenium.webdriver'].common.desired_capabilities.DesiredCapabilities.FIREFOX</arg>
<arg>sys,selenium.webdriver</arg>
</arguments>
<assign>
<var>${ff default caps}</var>
</assign>
<msg timestamp="20200403 21:50:00.859" level="INFO">${ff default caps} = {'browserName': 'firefox', 'marionette': True, 'acceptInsecureCerts': True}</msg>
<status status="PASS" starttime="20200403 21:50:00.859" endtime="20200403 21:50:00.859"></status>
</kw>
<kw name="Set To Dictionary" library="Collections">
<doc>Adds the given ``key_value_pairs`` and ``items`` to the ``dictionary``.</doc>
<arguments>
<arg>${ff default caps}</arg>
<arg>marionette=${True}</arg>
</arguments>
<status status="PASS" starttime="20200403 21:50:00.859" endtime="20200403 21:50:00.860"></status>
</kw>
<kw name="Create Webdriver" library="Selenium2Library">
<doc>Creates an instance of Selenium WebDriver.</doc>
<arguments>
<arg>Firefox</arg>
<arg>executable_path=/home/elsys/PycharmProjects/robot_frame/TestCases/geckodriver</arg>
</arguments>
<msg timestamp="20200403 21:50:00.860" level="INFO">Creating an instance of the Firefox WebDriver.</msg>
<status status="PASS" starttime="20200403 21:50:00.860" endtime="20200403 21:50:03.956"></status>
</kw>
<kw name="Maximize Browser Window" library="Selenium2Library">
<doc>Maximizes current browser window.</doc>
<status status="PASS" starttime="20200403 21:50:03.956" endtime="20200403 21:50:04.252"></status>
</kw>
<status status="PASS" starttime="20200403 21:50:00.859" endtime="20200403 21:50:04.253"></status>
</kw>
<kw name="Go To" library="Selenium2Library">
<doc>Navigates the active browser instance to the provided ``url``.</doc>
<arguments>
<arg>${url}</arg>
</arguments>
<msg timestamp="20200403 21:50:04.254" level="INFO">Opening url 'https://demo.nopcommerce.com/'</msg>
<status status="PASS" starttime="20200403 21:50:04.253" endtime="20200403 21:50:08.182"></status>
</kw>
<kw name="Sleep" library="BuiltIn">
<doc>Pauses the test executed for the given time.</doc>
<arguments>
<arg>5s</arg>
</arguments>
<msg timestamp="20200403 21:50:13.183" level="INFO">Slept 5 seconds</msg>
<status status="PASS" starttime="20200403 21:50:08.182" endtime="20200403 21:50:13.184"></status>
</kw>
<kw name="userandpasswordapplication">
<kw name="Click Link" library="Selenium2Library">
<doc>Clicks a link identified by ``locator``.</doc>
<arguments>
<arg>xpath://a[@class='ico-login']</arg>
</arguments>
<msg timestamp="20200403 21:50:13.186" level="INFO">Clicking link 'xpath://a[@class='ico-login']'.</msg>
<status status="PASS" starttime="20200403 21:50:13.186" endtime="20200403 21:50:15.114"></status>
</kw>
<kw name="Input Text" library="Selenium2Library">
<doc>Types the given ``text`` into text field identified by ``locator``.</doc>
<arguments>
<arg>id:Email</arg>
<arg>vinicius.mpinho@gmail.com</arg>
</arguments>
<msg timestamp="20200403 21:50:15.115" level="INFO">Typing text 'vinicius.mpinho@gmail.com' into text field 'id:Email'.</msg>
<status status="PASS" starttime="20200403 21:50:15.114" endtime="20200403 21:50:15.218"></status>
</kw>
<kw name="Sleep" library="BuiltIn">
<doc>Pauses the test executed for the given time.</doc>
<arguments>
<arg>3s</arg>
</arguments>
<msg timestamp="20200403 21:50:18.219" level="INFO">Slept 3 seconds</msg>
<status status="PASS" starttime="20200403 21:50:15.218" endtime="20200403 21:50:18.219"></status>
</kw>
<kw name="Input Password" library="Selenium2Library">
<doc>Types the given password into text field identified by ``locator``.</doc>
<arguments>
<arg>id:Password</arg>
<arg>Test@123</arg>
</arguments>
<msg timestamp="20200403 21:50:18.220" level="INFO">Typing password into text field 'id:Password'.</msg>
<status status="PASS" starttime="20200403 21:50:18.220" endtime="20200403 21:50:18.319"></status>
</kw>
<kw name="Click Element" library="Selenium2Library">
<doc>Click element identified by ``locator``.</doc>
<arguments>
<arg>xpath://input[@class='button-1 login-button']</arg>
</arguments>
<msg timestamp="20200403 21:50:18.319" level="INFO">Clicking element 'xpath://input[@class='button-1 login-button']'.</msg>
<status status="PASS" starttime="20200403 21:50:18.319" endtime="20200403 21:50:21.187"></status>
</kw>
<kw name="Sleep" library="BuiltIn">
<doc>Pauses the test executed for the given time.</doc>
<arguments>
<arg>3s</arg>
</arguments>
<msg timestamp="20200403 21:50:24.188" level="INFO">Slept 3 seconds</msg>
<status status="PASS" starttime="20200403 21:50:21.187" endtime="20200403 21:50:24.189"></status>
</kw>
<kw name="Click Link" library="Selenium2Library">
<doc>Clicks a link identified by ``locator``.</doc>
<arguments>
<arg>xpath://a[@class='ico-account']</arg>
</arguments>
<msg timestamp="20200403 21:50:24.190" level="INFO">Clicking link 'xpath://a[@class='ico-account']'.</msg>
<status status="PASS" starttime="20200403 21:50:24.189" endtime="20200403 21:50:26.737"></status>
</kw>
<kw name="Sleep" library="BuiltIn">
<doc>Pauses the test executed for the given time.</doc>
<arguments>
<arg>3s</arg>
</arguments>
<msg timestamp="20200403 21:50:29.738" level="INFO">Slept 3 seconds</msg>
<status status="PASS" starttime="20200403 21:50:26.737" endtime="20200403 21:50:29.739"></status>
</kw>
<kw name="Close Browser" library="Selenium2Library">
<doc>Closes the current browser.</doc>
<status status="PASS" starttime="20200403 21:50:29.739" endtime="20200403 21:50:31.442"></status>
</kw>
<status status="PASS" starttime="20200403 21:50:13.184" endtime="20200403 21:50:31.442"></status>
</kw>
<status status="PASS" starttime="20200403 21:50:00.858" endtime="20200403 21:50:31.442" critical="yes"></status>
</test>
<doc>Open a Web Page using Lenovo new</doc>
<status status="PASS" starttime="20200403 21:50:00.745" endtime="20200403 21:50:31.443"></status>
</suite>
<statistics>
<total>
<stat pass="1" fail="0">Critical Tests</stat>
<stat pass="1" fail="0">All Tests</stat>
</total>
<tag>
</tag>
<suite>
<stat pass="1" fail="0" id="s1" name="Teste">Teste</stat>
</suite>
</statistics>
<errors>
</errors>
</robot>
